This is XeTeX, Version 3.141592653-2.6-0.999997 (TeX Live 2025) (preloaded format=xelatex 2025.4.29)  18 JUN 2025 20:23
entering extended mode
 restricted \write18 enabled.
 file:line:error style messages enabled.
 %&-line parsing enabled.
**/Users/mac/dev/pfe/report/Rapport-de-stage/main.tex
(/Users/mac/dev/pfe/report/Rapport-de-stage/main.tex
LaTeX2e <2024-11-01> patch level 2
L3 programming layer <2025-01-18>
(/usr/local/texlive/2025/texmf-dist/tex/latex/base/report.cls
Document Class: report 2024/06/29 v1.4n Standard LaTeX document class
(/usr/local/texlive/2025/texmf-dist/tex/latex/base/size12.clo
File: size12.clo 2024/06/29 v1.4n Standard LaTeX file (size option)
)
\c@part=\count192
\c@chapter=\count193
\c@section=\count194
\c@subsection=\count195
\c@subsubsection=\count196
\c@paragraph=\count197
\c@subparagraph=\count198
\c@figure=\count199
\c@table=\count266
\abovecaptionskip=\skip49
\belowcaptionskip=\skip50
\bibindent=\dimen141
) (./preamble.tex (/usr/local/texlive/2025/texmf-dist/tex/latex/base/inputenc.sty
Package: inputenc 2024/02/08 v1.3d Input encoding file
\inpenc@prehook=\toks17
\inpenc@posthook=\toks18


Package inputenc Warning: inputenc package ignored with utf8 based engines.

) (/usr/local/texlive/2025/texmf-dist/tex/latex/base/fontenc.sty
Package: fontenc 2021/04/29 v2.0v Standard LaTeX package
LaTeX Font Info:    Trying to load font information for T1+lmr on input line 116.
 (/usr/local/texlive/2025/texmf-dist/tex/latex/lm/t1lmr.fd
File: t1lmr.fd 2015/05/01 v1.6.1 Font defs for Latin Modern
)) (/usr/local/texlive/2025/texmf-dist/tex/generic/babel/babel.sty
Package: babel 2025/02/14 v25.4 The multilingual framework for pdfLaTeX, LuaLaTeX and XeLaTeX
\babel@savecnt=\count267
\U@D=\dimen142
\l@unhyphenated=\language90
 (/usr/local/texlive/2025/texmf-dist/tex/generic/babel/xebabel.def)
\bbl@readstream=\read2
\bbl@dirlevel=\count268
 (/usr/local/texlive/2025/texmf-dist/tex/generic/babel-english/english.ldf
Language: english 2017/06/06 v3.3r English support from the babel system
Package babel Info: Hyphen rules for 'canadian' set to \l@english
(babel)             (\language0). Reported on input line 102.
Package babel Info: Hyphen rules for 'australian' set to \l@ukenglish
(babel)             (\language22). Reported on input line 105.
Package babel Info: Hyphen rules for 'newzealand' set to \l@ukenglish
(babel)             (\language22). Reported on input line 108.
)) (/usr/local/texlive/2025/texmf-dist/tex/generic/babel/locale/en/babel-english.tex
Package babel Info: Importing font and identification data for english
(babel)             from babel-en.ini. Reported on input line 11.
) (/usr/local/texlive/2025/texmf-dist/tex/latex/geometry/geometry.sty
Package: geometry 2020/01/02 v5.9 Page Geometry
 (/usr/local/texlive/2025/texmf-dist/tex/latex/graphics/keyval.sty
Package: keyval 2022/05/29 v1.15 key=value parser (DPC)
\KV@toks@=\toks19
) (/usr/local/texlive/2025/texmf-dist/tex/generic/iftex/ifvtex.sty
Package: ifvtex 2019/10/25 v1.7 ifvtex legacy package. Use iftex instead.
 (/usr/local/texlive/2025/texmf-dist/tex/generic/iftex/iftex.sty
Package: iftex 2024/12/12 v1.0g TeX engine tests
))
\Gm@cnth=\count269
\Gm@cntv=\count270
\c@Gm@tempcnt=\count271
\Gm@bindingoffset=\dimen143
\Gm@wd@mp=\dimen144
\Gm@odd@mp=\dimen145
\Gm@even@mp=\dimen146
\Gm@layoutwidth=\dimen147
\Gm@layoutheight=\dimen148
\Gm@layouthoffset=\dimen149
\Gm@layoutvoffset=\dimen150
\Gm@dimlist=\toks20
) (/usr/local/texlive/2025/texmf-dist/tex/latex/tools/tabularx.sty
Package: tabularx 2023/12/11 v2.12a `tabularx' package (DPC)
 (/usr/local/texlive/2025/texmf-dist/tex/latex/tools/array.sty
Package: array 2024/10/17 v2.6g Tabular extension package (FMi)
\col@sep=\dimen151
\ar@mcellbox=\box52
\extrarowheight=\dimen152
\NC@list=\toks21
\extratabsurround=\skip51
\backup@length=\skip52
\ar@cellbox=\box53
)
\TX@col@width=\dimen153
\TX@old@table=\dimen154
\TX@old@col=\dimen155
\TX@target=\dimen156
\TX@delta=\dimen157
\TX@cols=\count272
\TX@ftn=\toks22
) (/usr/local/texlive/2025/texmf-dist/tex/latex/acronym/acronym.sty
Package: acronym 2025/01/17 v1.50 Support for acronyms (Tobias Oetiker)
 (/usr/local/texlive/2025/texmf-dist/tex/latex/bigfoot/suffix.sty
Package: suffix 2006/07/15 1.5a Variant command support
) (/usr/local/texlive/2025/texmf-dist/tex/generic/xstring/xstring.sty (/usr/local/texlive/2025/texmf-dist/tex/generic/xstring/xstring.tex
\xs_counta=\count273
\xs_countb=\count274
)
Package: xstring 2023/08/22 v1.86 String manipulations (CT)
)
\AC@clearlist=\toks23
) (/usr/local/texlive/2025/texmf-dist/tex/latex/multirow/multirow.sty
Package: multirow 2024/11/12 v2.9 Span multiple rows of a table
\multirow@colwidth=\skip53
\multirow@cntb=\count275
\multirow@dima=\skip54
\bigstrutjot=\dimen158
) (/usr/local/texlive/2025/texmf-dist/tex/latex/pgf/frontendlayer/tikz.sty (/usr/local/texlive/2025/texmf-dist/tex/latex/pgf/basiclayer/pgf.sty (/usr/local/texlive/2025/texmf-dist/tex/latex/pgf/utilities/pgfrcs.sty (/usr/local/texlive/2025/texmf-dist/tex/generic/pgf/utilities/pgfutil-common.tex
\pgfutil@everybye=\toks24
\pgfutil@tempdima=\dimen159
\pgfutil@tempdimb=\dimen160
) (/usr/local/texlive/2025/texmf-dist/tex/generic/pgf/utilities/pgfutil-latex.def
\pgfutil@abb=\box54
) (/usr/local/texlive/2025/texmf-dist/tex/generic/pgf/utilities/pgfrcs.code.tex (/usr/local/texlive/2025/texmf-dist/tex/generic/pgf/pgf.revision.tex)
Package: pgfrcs 2023-01-15 v3.1.10 (3.1.10)
))
Package: pgf 2023-01-15 v3.1.10 (3.1.10)
 (/usr/local/texlive/2025/texmf-dist/tex/latex/pgf/basiclayer/pgfcore.sty (/usr/local/texlive/2025/texmf-dist/tex/latex/graphics/graphicx.sty
Package: graphicx 2021/09/16 v1.2d Enhanced LaTeX Graphics (DPC,SPQR)
 (/usr/local/texlive/2025/texmf-dist/tex/latex/graphics/graphics.sty
Package: graphics 2024/08/06 v1.4g Standard LaTeX Graphics (DPC,SPQR)
 (/usr/local/texlive/2025/texmf-dist/tex/latex/graphics/trig.sty
Package: trig 2023/12/02 v1.11 sin cos tan (DPC)
) (/usr/local/texlive/2025/texmf-dist/tex/latex/graphics-cfg/graphics.cfg
File: graphics.cfg 2016/06/04 v1.11 sample graphics configuration
)
Package graphics Info: Driver file: xetex.def on input line 106.
 (/usr/local/texlive/2025/texmf-dist/tex/latex/graphics-def/xetex.def
File: xetex.def 2022/09/22 v5.0n Graphics/color driver for xetex
))
\Gin@req@height=\dimen161
\Gin@req@width=\dimen162
) (/usr/local/texlive/2025/texmf-dist/tex/latex/pgf/systemlayer/pgfsys.sty (/usr/local/texlive/2025/texmf-dist/tex/generic/pgf/systemlayer/pgfsys.code.tex
Package: pgfsys 2023-01-15 v3.1.10 (3.1.10)
 (/usr/local/texlive/2025/texmf-dist/tex/generic/pgf/utilities/pgfkeys.code.tex
\pgfkeys@pathtoks=\toks25
\pgfkeys@temptoks=\toks26
 (/usr/local/texlive/2025/texmf-dist/tex/generic/pgf/utilities/pgfkeyslibraryfiltered.code.tex
\pgfkeys@tmptoks=\toks27
))
\pgf@x=\dimen163
\pgf@y=\dimen164
\pgf@xa=\dimen165
\pgf@ya=\dimen166
\pgf@xb=\dimen167
\pgf@yb=\dimen168
\pgf@xc=\dimen169
\pgf@yc=\dimen170
\pgf@xd=\dimen171
\pgf@yd=\dimen172
\w@pgf@writea=\write3
\r@pgf@reada=\read3
\c@pgf@counta=\count276
\c@pgf@countb=\count277
\c@pgf@countc=\count278
\c@pgf@countd=\count279
\t@pgf@toka=\toks28
\t@pgf@tokb=\toks29
\t@pgf@tokc=\toks30
\pgf@sys@id@count=\count280
 (/usr/local/texlive/2025/texmf-dist/tex/generic/pgf/systemlayer/pgf.cfg
File: pgf.cfg 2023-01-15 v3.1.10 (3.1.10)
)
Driver file for pgf: pgfsys-xetex.def
 (/usr/local/texlive/2025/texmf-dist/tex/generic/pgf/systemlayer/pgfsys-xetex.def
File: pgfsys-xetex.def 2023-01-15 v3.1.10 (3.1.10)
 (/usr/local/texlive/2025/texmf-dist/tex/generic/pgf/systemlayer/pgfsys-dvipdfmx.def
File: pgfsys-dvipdfmx.def 2023-01-15 v3.1.10 (3.1.10)
 (/usr/local/texlive/2025/texmf-dist/tex/generic/pgf/systemlayer/pgfsys-common-pdf.def
File: pgfsys-common-pdf.def 2023-01-15 v3.1.10 (3.1.10)
)
\pgfsys@objnum=\count281
))) (/usr/local/texlive/2025/texmf-dist/tex/generic/pgf/systemlayer/pgfsyssoftpath.code.tex
File: pgfsyssoftpath.code.tex 2023-01-15 v3.1.10 (3.1.10)
\pgfsyssoftpath@smallbuffer@items=\count282
\pgfsyssoftpath@bigbuffer@items=\count283
) (/usr/local/texlive/2025/texmf-dist/tex/generic/pgf/systemlayer/pgfsysprotocol.code.tex
File: pgfsysprotocol.code.tex 2023-01-15 v3.1.10 (3.1.10)
)) (/usr/local/texlive/2025/texmf-dist/tex/latex/xcolor/xcolor.sty
Package: xcolor 2024/09/29 v3.02 LaTeX color extensions (UK)
 (/usr/local/texlive/2025/texmf-dist/tex/latex/graphics-cfg/color.cfg
File: color.cfg 2016/01/02 v1.6 sample color configuration
)
Package xcolor Info: Driver file: xetex.def on input line 274.
 (/usr/local/texlive/2025/texmf-dist/tex/latex/graphics/mathcolor.ltx)
Package xcolor Info: Model `cmy' substituted by `cmy0' on input line 1349.
Package xcolor Info: Model `RGB' extended on input line 1365.
Package xcolor Info: Model `HTML' substituted by `rgb' on input line 1367.
Package xcolor Info: Model `Hsb' substituted by `hsb' on input line 1368.
Package xcolor Info: Model `tHsb' substituted by `hsb' on input line 1369.
Package xcolor Info: Model `HSB' substituted by `hsb' on input line 1370.
Package xcolor Info: Model `Gray' substituted by `gray' on input line 1371.
Package xcolor Info: Model `wave' substituted by `hsb' on input line 1372.
) (/usr/local/texlive/2025/texmf-dist/tex/generic/pgf/basiclayer/pgfcore.code.tex
Package: pgfcore 2023-01-15 v3.1.10 (3.1.10)
 (/usr/local/texlive/2025/texmf-dist/tex/generic/pgf/math/pgfmath.code.tex (/usr/local/texlive/2025/texmf-dist/tex/generic/pgf/math/pgfmathutil.code.tex) (/usr/local/texlive/2025/texmf-dist/tex/generic/pgf/math/pgfmathparser.code.tex
\pgfmath@dimen=\dimen173
\pgfmath@count=\count284
\pgfmath@box=\box55
\pgfmath@toks=\toks31
\pgfmath@stack@operand=\toks32
\pgfmath@stack@operation=\toks33
) (/usr/local/texlive/2025/texmf-dist/tex/generic/pgf/math/pgfmathfunctions.code.tex) (/usr/local/texlive/2025/texmf-dist/tex/generic/pgf/math/pgfmathfunctions.basic.code.tex) (/usr/local/texlive/2025/texmf-dist/tex/generic/pgf/math/pgfmathfunctions.trigonometric.code.tex) (/usr/local/texlive/2025/texmf-dist/tex/generic/pgf/math/pgfmathfunctions.random.code.tex) (/usr/local/texlive/2025/texmf-dist/tex/generic/pgf/math/pgfmathfunctions.comparison.code.tex) (/usr/local/texlive/2025/texmf-dist/tex/generic/pgf/math/pgfmathfunctions.base.code.tex) (/usr/local/texlive/2025/texmf-dist/tex/generic/pgf/math/pgfmathfunctions.round.code.tex) (/usr/local/texlive/2025/texmf-dist/tex/generic/pgf/math/pgfmathfunctions.misc.code.tex) (/usr/local/texlive/2025/texmf-dist/tex/generic/pgf/math/pgfmathfunctions.integerarithmetics.code.tex) (/usr/local/texlive/2025/texmf-dist/tex/generic/pgf/math/pgfmathcalc.code.tex) (/usr/local/texlive/2025/texmf-dist/tex/generic/pgf/math/pgfmathfloat.code.tex
\c@pgfmathroundto@lastzeros=\count285
)) (/usr/local/texlive/2025/texmf-dist/tex/generic/pgf/math/pgfint.code.tex) (/usr/local/texlive/2025/texmf-dist/tex/generic/pgf/basiclayer/pgfcorepoints.code.tex
File: pgfcorepoints.code.tex 2023-01-15 v3.1.10 (3.1.10)
\pgf@picminx=\dimen174
\pgf@picmaxx=\dimen175
\pgf@picminy=\dimen176
\pgf@picmaxy=\dimen177
\pgf@pathminx=\dimen178
\pgf@pathmaxx=\dimen179
\pgf@pathminy=\dimen180
\pgf@pathmaxy=\dimen181
\pgf@xx=\dimen182
\pgf@xy=\dimen183
\pgf@yx=\dimen184
\pgf@yy=\dimen185
\pgf@zx=\dimen186
\pgf@zy=\dimen187
) (/usr/local/texlive/2025/texmf-dist/tex/generic/pgf/basiclayer/pgfcorepathconstruct.code.tex
File: pgfcorepathconstruct.code.tex 2023-01-15 v3.1.10 (3.1.10)
\pgf@path@lastx=\dimen188
\pgf@path@lasty=\dimen189
) (/usr/local/texlive/2025/texmf-dist/tex/generic/pgf/basiclayer/pgfcorepathusage.code.tex
File: pgfcorepathusage.code.tex 2023-01-15 v3.1.10 (3.1.10)
\pgf@shorten@end@additional=\dimen190
\pgf@shorten@start@additional=\dimen191
) (/usr/local/texlive/2025/texmf-dist/tex/generic/pgf/basiclayer/pgfcorescopes.code.tex
File: pgfcorescopes.code.tex 2023-01-15 v3.1.10 (3.1.10)
\pgfpic=\box56
\pgf@hbox=\box57
\pgf@layerbox@main=\box58
\pgf@picture@serial@count=\count286
) (/usr/local/texlive/2025/texmf-dist/tex/generic/pgf/basiclayer/pgfcoregraphicstate.code.tex
File: pgfcoregraphicstate.code.tex 2023-01-15 v3.1.10 (3.1.10)
\pgflinewidth=\dimen192
) (/usr/local/texlive/2025/texmf-dist/tex/generic/pgf/basiclayer/pgfcoretransformations.code.tex
File: pgfcoretransformations.code.tex 2023-01-15 v3.1.10 (3.1.10)
\pgf@pt@x=\dimen193
\pgf@pt@y=\dimen194
\pgf@pt@temp=\dimen195
) (/usr/local/texlive/2025/texmf-dist/tex/generic/pgf/basiclayer/pgfcorequick.code.tex
File: pgfcorequick.code.tex 2023-01-15 v3.1.10 (3.1.10)
) (/usr/local/texlive/2025/texmf-dist/tex/generic/pgf/basiclayer/pgfcoreobjects.code.tex
File: pgfcoreobjects.code.tex 2023-01-15 v3.1.10 (3.1.10)
) (/usr/local/texlive/2025/texmf-dist/tex/generic/pgf/basiclayer/pgfcorepathprocessing.code.tex
File: pgfcorepathprocessing.code.tex 2023-01-15 v3.1.10 (3.1.10)
) (/usr/local/texlive/2025/texmf-dist/tex/generic/pgf/basiclayer/pgfcorearrows.code.tex
File: pgfcorearrows.code.tex 2023-01-15 v3.1.10 (3.1.10)
\pgfarrowsep=\dimen196
) (/usr/local/texlive/2025/texmf-dist/tex/generic/pgf/basiclayer/pgfcoreshade.code.tex
File: pgfcoreshade.code.tex 2023-01-15 v3.1.10 (3.1.10)
\pgf@max=\dimen197
\pgf@sys@shading@range@num=\count287
\pgf@shadingcount=\count288
) (/usr/local/texlive/2025/texmf-dist/tex/generic/pgf/basiclayer/pgfcoreimage.code.tex
File: pgfcoreimage.code.tex 2023-01-15 v3.1.10 (3.1.10)
) (/usr/local/texlive/2025/texmf-dist/tex/generic/pgf/basiclayer/pgfcoreexternal.code.tex
File: pgfcoreexternal.code.tex 2023-01-15 v3.1.10 (3.1.10)
\pgfexternal@startupbox=\box59
) (/usr/local/texlive/2025/texmf-dist/tex/generic/pgf/basiclayer/pgfcorelayers.code.tex
File: pgfcorelayers.code.tex 2023-01-15 v3.1.10 (3.1.10)
) (/usr/local/texlive/2025/texmf-dist/tex/generic/pgf/basiclayer/pgfcoretransparency.code.tex
File: pgfcoretransparency.code.tex 2023-01-15 v3.1.10 (3.1.10)
) (/usr/local/texlive/2025/texmf-dist/tex/generic/pgf/basiclayer/pgfcorepatterns.code.tex
File: pgfcorepatterns.code.tex 2023-01-15 v3.1.10 (3.1.10)
) (/usr/local/texlive/2025/texmf-dist/tex/generic/pgf/basiclayer/pgfcorerdf.code.tex
File: pgfcorerdf.code.tex 2023-01-15 v3.1.10 (3.1.10)
))) (/usr/local/texlive/2025/texmf-dist/tex/generic/pgf/modules/pgfmoduleshapes.code.tex
File: pgfmoduleshapes.code.tex 2023-01-15 v3.1.10 (3.1.10)
\pgfnodeparttextbox=\box60
) (/usr/local/texlive/2025/texmf-dist/tex/generic/pgf/modules/pgfmoduleplot.code.tex
File: pgfmoduleplot.code.tex 2023-01-15 v3.1.10 (3.1.10)
) (/usr/local/texlive/2025/texmf-dist/tex/latex/pgf/compatibility/pgfcomp-version-0-65.sty
Package: pgfcomp-version-0-65 2023-01-15 v3.1.10 (3.1.10)
\pgf@nodesepstart=\dimen198
\pgf@nodesepend=\dimen199
) (/usr/local/texlive/2025/texmf-dist/tex/latex/pgf/compatibility/pgfcomp-version-1-18.sty
Package: pgfcomp-version-1-18 2023-01-15 v3.1.10 (3.1.10)
)) (/usr/local/texlive/2025/texmf-dist/tex/latex/pgf/utilities/pgffor.sty (/usr/local/texlive/2025/texmf-dist/tex/latex/pgf/utilities/pgfkeys.sty (/usr/local/texlive/2025/texmf-dist/tex/generic/pgf/utilities/pgfkeys.code.tex)) (/usr/local/texlive/2025/texmf-dist/tex/latex/pgf/math/pgfmath.sty (/usr/local/texlive/2025/texmf-dist/tex/generic/pgf/math/pgfmath.code.tex)) (/usr/local/texlive/2025/texmf-dist/tex/generic/pgf/utilities/pgffor.code.tex
Package: pgffor 2023-01-15 v3.1.10 (3.1.10)
\pgffor@iter=\dimen256
\pgffor@skip=\dimen257
\pgffor@stack=\toks34
\pgffor@toks=\toks35
)) (/usr/local/texlive/2025/texmf-dist/tex/generic/pgf/frontendlayer/tikz/tikz.code.tex
Package: tikz 2023-01-15 v3.1.10 (3.1.10)
 (/usr/local/texlive/2025/texmf-dist/tex/generic/pgf/libraries/pgflibraryplothandlers.code.tex
File: pgflibraryplothandlers.code.tex 2023-01-15 v3.1.10 (3.1.10)
\pgf@plot@mark@count=\count289
\pgfplotmarksize=\dimen258
)
\tikz@lastx=\dimen259
\tikz@lasty=\dimen260
\tikz@lastxsaved=\dimen261
\tikz@lastysaved=\dimen262
\tikz@lastmovetox=\dimen263
\tikz@lastmovetoy=\dimen264
\tikzleveldistance=\dimen265
\tikzsiblingdistance=\dimen266
\tikz@figbox=\box61
\tikz@figbox@bg=\box62
\tikz@tempbox=\box63
\tikz@tempbox@bg=\box64
\tikztreelevel=\count290
\tikznumberofchildren=\count291
\tikznumberofcurrentchild=\count292
\tikz@fig@count=\count293
 (/usr/local/texlive/2025/texmf-dist/tex/generic/pgf/modules/pgfmodulematrix.code.tex
File: pgfmodulematrix.code.tex 2023-01-15 v3.1.10 (3.1.10)
\pgfmatrixcurrentrow=\count294
\pgfmatrixcurrentcolumn=\count295
\pgf@matrix@numberofcolumns=\count296
)
\tikz@expandcount=\count297
 (/usr/local/texlive/2025/texmf-dist/tex/generic/pgf/frontendlayer/tikz/libraries/tikzlibrarytopaths.code.tex
File: tikzlibrarytopaths.code.tex 2023-01-15 v3.1.10 (3.1.10)
))) (/usr/local/texlive/2025/texmf-dist/tex/generic/pgf/frontendlayer/tikz/libraries/tikzlibraryshapes.geometric.code.tex
File: tikzlibraryshapes.geometric.code.tex 2023-01-15 v3.1.10 (3.1.10)
 (/usr/local/texlive/2025/texmf-dist/tex/generic/pgf/libraries/shapes/pgflibraryshapes.geometric.code.tex
File: pgflibraryshapes.geometric.code.tex 2023-01-15 v3.1.10 (3.1.10)
)) (/usr/local/texlive/2025/texmf-dist/tex/generic/pgf/libraries/pgflibraryarrows.meta.code.tex
File: pgflibraryarrows.meta.code.tex 2023-01-15 v3.1.10 (3.1.10)
\pgfarrowinset=\dimen267
\pgfarrowlength=\dimen268
\pgfarrowwidth=\dimen269
\pgfarrowlinewidth=\dimen270
) (/usr/local/texlive/2025/texmf-dist/tex/generic/pgf/frontendlayer/tikz/libraries/tikzlibrarypositioning.code.tex
File: tikzlibrarypositioning.code.tex 2023-01-15 v3.1.10 (3.1.10)
) (/usr/local/texlive/2025/texmf-dist/tex/latex/float/float.sty
Package: float 2001/11/08 v1.3d Float enhancements (AL)
\c@float@type=\count298
\float@exts=\toks36
\float@box=\box65
\@float@everytoks=\toks37
\@floatcapt=\box66
) (/usr/local/texlive/2025/texmf-dist/tex/latex/hyperref/hyperref.sty
Package: hyperref 2024-11-05 v7.01l Hypertext links for LaTeX
 (/usr/local/texlive/2025/texmf-dist/tex/latex/kvsetkeys/kvsetkeys.sty
Package: kvsetkeys 2022-10-05 v1.19 Key value parser (HO)
) (/usr/local/texlive/2025/texmf-dist/tex/generic/kvdefinekeys/kvdefinekeys.sty
Package: kvdefinekeys 2019-12-19 v1.6 Define keys (HO)
) (/usr/local/texlive/2025/texmf-dist/tex/generic/pdfescape/pdfescape.sty
Package: pdfescape 2019/12/09 v1.15 Implements pdfTeX's escape features (HO)
 (/usr/local/texlive/2025/texmf-dist/tex/generic/ltxcmds/ltxcmds.sty
Package: ltxcmds 2023-12-04 v1.26 LaTeX kernel commands for general use (HO)
) (/usr/local/texlive/2025/texmf-dist/tex/generic/pdftexcmds/pdftexcmds.sty
Package: pdftexcmds 2020-06-27 v0.33 Utility functions of pdfTeX for LuaTeX (HO)
 (/usr/local/texlive/2025/texmf-dist/tex/generic/infwarerr/infwarerr.sty
Package: infwarerr 2019/12/03 v1.5 Providing info/warning/error messages (HO)
)
Package pdftexcmds Info: \pdf@primitive is available.
Package pdftexcmds Info: \pdf@ifprimitive is available.
Package pdftexcmds Info: \pdfdraftmode not found.
)) (/usr/local/texlive/2025/texmf-dist/tex/latex/hycolor/hycolor.sty
Package: hycolor 2020-01-27 v1.10 Color options for hyperref/bookmark (HO)
) (/usr/local/texlive/2025/texmf-dist/tex/latex/hyperref/nameref.sty
Package: nameref 2023-11-26 v2.56 Cross-referencing by name of section
 (/usr/local/texlive/2025/texmf-dist/tex/latex/refcount/refcount.sty
Package: refcount 2019/12/15 v3.6 Data extraction from label references (HO)
) (/usr/local/texlive/2025/texmf-dist/tex/generic/gettitlestring/gettitlestring.sty
Package: gettitlestring 2019/12/15 v1.6 Cleanup title references (HO)
 (/usr/local/texlive/2025/texmf-dist/tex/latex/kvoptions/kvoptions.sty
Package: kvoptions 2022-06-15 v3.15 Key value format for package options (HO)
))
\c@section@level=\count299
) (/usr/local/texlive/2025/texmf-dist/tex/latex/etoolbox/etoolbox.sty
Package: etoolbox 2025/02/11 v2.5l e-TeX tools for LaTeX (JAW)
\etb@tempcnta=\count300
) (/usr/local/texlive/2025/texmf-dist/tex/generic/stringenc/stringenc.sty
Package: stringenc 2019/11/29 v1.12 Convert strings between diff. encodings (HO)
)
\@linkdim=\dimen271
\Hy@linkcounter=\count301
\Hy@pagecounter=\count302
 (/usr/local/texlive/2025/texmf-dist/tex/latex/hyperref/pd1enc.def
File: pd1enc.def 2024-11-05 v7.01l Hyperref: PDFDocEncoding definition (HO)
) (/usr/local/texlive/2025/texmf-dist/tex/generic/intcalc/intcalc.sty
Package: intcalc 2019/12/15 v1.3 Expandable calculations with integers (HO)
)
\Hy@SavedSpaceFactor=\count303
 (/usr/local/texlive/2025/texmf-dist/tex/latex/hyperref/puenc.def
File: puenc.def 2024-11-05 v7.01l Hyperref: PDF Unicode definition (HO)
)
Package hyperref Info: Hyper figures OFF on input line 4157.
Package hyperref Info: Link nesting OFF on input line 4162.
Package hyperref Info: Hyper index ON on input line 4165.
Package hyperref Info: Plain pages OFF on input line 4172.
Package hyperref Info: Backreferencing OFF on input line 4177.
Package hyperref Info: Implicit mode ON; LaTeX internals redefined.
Package hyperref Info: Bookmarks ON on input line 4424.
\c@Hy@tempcnt=\count304
 (/usr/local/texlive/2025/texmf-dist/tex/latex/url/url.sty
\Urlmuskip=\muskip17
Package: url 2013/09/16  ver 3.4  Verb mode for urls, etc.
)
LaTeX Info: Redefining \url on input line 4763.
\XeTeXLinkMargin=\dimen272
 (/usr/local/texlive/2025/texmf-dist/tex/generic/bitset/bitset.sty
Package: bitset 2019/12/09 v1.3 Handle bit-vector datatype (HO)
 (/usr/local/texlive/2025/texmf-dist/tex/generic/bigintcalc/bigintcalc.sty
Package: bigintcalc 2019/12/15 v1.5 Expandable calculations on big integers (HO)
))
\Fld@menulength=\count305
\Field@Width=\dimen273
\Fld@charsize=\dimen274
Package hyperref Info: Hyper figures OFF on input line 6042.
Package hyperref Info: Link nesting OFF on input line 6047.
Package hyperref Info: Hyper index ON on input line 6050.
Package hyperref Info: backreferencing OFF on input line 6057.
Package hyperref Info: Link coloring OFF on input line 6062.
Package hyperref Info: Link coloring with OCG OFF on input line 6067.
Package hyperref Info: PDF/A mode OFF on input line 6072.
 (/usr/local/texlive/2025/texmf-dist/tex/latex/base/atbegshi-ltx.sty
Package: atbegshi-ltx 2021/01/10 v1.0c Emulation of the original atbegshi
package with kernel methods
)
\Hy@abspage=\count306
\c@Item=\count307
\c@Hfootnote=\count308
)
Package hyperref Info: Driver (autodetected): hxetex.
 (/usr/local/texlive/2025/texmf-dist/tex/latex/hyperref/hxetex.def
File: hxetex.def 2024-11-05 v7.01l Hyperref driver for XeTeX
\pdfm@box=\box67
\c@Hy@AnnotLevel=\count309
\HyField@AnnotCount=\count310
\Fld@listcount=\count311
\c@bookmark@seq@number=\count312
 (/usr/local/texlive/2025/texmf-dist/tex/latex/rerunfilecheck/rerunfilecheck.sty
Package: rerunfilecheck 2022-07-10 v1.10 Rerun checks for auxiliary files (HO)
 (/usr/local/texlive/2025/texmf-dist/tex/latex/base/atveryend-ltx.sty
Package: atveryend-ltx 2020/08/19 v1.0a Emulation of the original atveryend package
with kernel methods
) (/usr/local/texlive/2025/texmf-dist/tex/generic/uniquecounter/uniquecounter.sty
Package: uniquecounter 2019/12/15 v1.4 Provide unlimited unique counter (HO)
)
Package uniquecounter Info: New unique counter `rerunfilecheck' on input line 285.
)
\Hy@SectionHShift=\skip55
)
Package hyperref Info: Option `colorlinks' set `true' on input line 27.
 (/usr/local/texlive/2025/texmf-dist/tex/latex/ragged2e/ragged2e.sty
Package: ragged2e 2023/06/22 v3.6 ragged2e Package
\CenteringLeftskip=\skip56
\RaggedLeftLeftskip=\skip57
\RaggedRightLeftskip=\skip58
\CenteringRightskip=\skip59
\RaggedLeftRightskip=\skip60
\RaggedRightRightskip=\skip61
\CenteringParfillskip=\skip62
\RaggedLeftParfillskip=\skip63
\RaggedRightParfillskip=\skip64
\JustifyingParfillskip=\skip65
\CenteringParindent=\skip66
\RaggedLeftParindent=\skip67
\RaggedRightParindent=\skip68
\JustifyingParindent=\skip69
) (/usr/local/texlive/2025/texmf-dist/tex/latex/natbib/natbib.sty
Package: natbib 2010/09/13 8.31b (PWD, AO)
\bibhang=\skip70
\bibsep=\skip71
LaTeX Info: Redefining \cite on input line 694.
\c@NAT@ctr=\count313
) (/usr/local/texlive/2025/texmf-dist/tex/latex/setspace/setspace.sty
Package: setspace 2022/12/04 v6.7b set line spacing
) (/usr/local/texlive/2025/texmf-dist/tex/latex/titlesec/titlesec.sty
Package: titlesec 2025/01/04 v2.17 Sectioning titles
\ttl@box=\box68
\beforetitleunit=\skip72
\aftertitleunit=\skip73
\ttl@plus=\dimen275
\ttl@minus=\dimen276
\ttl@toksa=\toks38
\titlewidth=\dimen277
\titlewidthlast=\dimen278
\titlewidthfirst=\dimen279
) (/usr/local/texlive/2025/texmf-dist/tex/latex/tools/indentfirst.sty
Package: indentfirst 2023/07/02 v1.03 Indent first paragraph (DPC)
) (/usr/local/texlive/2025/texmf-dist/tex/latex/lipsum/lipsum.sty (/usr/local/texlive/2025/texmf-dist/tex/latex/l3packages/l3keys2e/l3keys2e.sty
(/usr/local/texlive/2025/texmf-dist/tex/latex/l3kernel/expl3.sty
Package: expl3 2025-01-18 L3 programming layer (loader) 
 (/usr/local/texlive/2025/texmf-dist/tex/latex/l3backend/l3backend-xetex.def
File: l3backend-xetex.def 2024-05-08 L3 backend support: XeTeX
\g__graphics_track_int=\count314
\l__pdf_internal_box=\box69
\g__pdf_backend_annotation_int=\count315
\g__pdf_backend_link_int=\count316
))
Package: l3keys2e 2024-08-16 LaTeX2e option processing using LaTeX3 keys
)
Package: lipsum 2021-09-20 v2.7 150 paragraphs of Lorem Ipsum dummy text
\g__lipsum_par_int=\count317
\l__lipsum_a_int=\count318
\l__lipsum_b_int=\count319
 (/usr/local/texlive/2025/texmf-dist/tex/latex/lipsum/lipsum.ltd.tex)) (/usr/local/texlive/2025/texmf-dist/tex/latex/needspace/needspace.sty
Package: needspace 2010/09/12 v1.3d reserve vertical space
) (/usr/local/texlive/2025/texmf-dist/tex/latex/fancyhdr/fancyhdr.sty
Package: fancyhdr 2025/02/07 v5.2 Extensive control of page headers and footers
\f@nch@headwidth=\skip74
\f@nch@offset@elh=\skip75
\f@nch@offset@erh=\skip76
\f@nch@offset@olh=\skip77
\f@nch@offset@orh=\skip78
\f@nch@offset@elf=\skip79
\f@nch@offset@erf=\skip80
\f@nch@offset@olf=\skip81
\f@nch@offset@orf=\skip82
\f@nch@height=\skip83
\f@nch@footalignment=\skip84
\f@nch@widthL=\skip85
\f@nch@widthC=\skip86
\f@nch@widthR=\skip87
\@temptokenb=\toks39
) (/usr/local/texlive/2025/texmf-dist/tex/latex/tools/verbatim.sty
Package: verbatim 2024-01-22 v1.5x LaTeX2e package for verbatim enhancements
\every@verbatim=\toks40
\verbatim@line=\toks41
\verbatim@in@stream=\read4
) (/usr/local/texlive/2025/texmf-dist/tex/latex/svg/svg.sty
Package: svg 2020/11/26 v2.02k (include SVG pictures)
 (/usr/local/texlive/2025/texmf-dist/tex/latex/koma-script/scrbase.sty
Package: scrbase 2024/10/24 v3.43 KOMA-Script package (KOMA-Script-independent basics and keyval usage)
 (/usr/local/texlive/2025/texmf-dist/tex/latex/koma-script/scrlfile.sty
Package: scrlfile 2024/10/24 v3.43 KOMA-Script package (file load hooks)
 (/usr/local/texlive/2025/texmf-dist/tex/latex/koma-script/scrlfile-hook.sty
Package: scrlfile-hook 2024/10/24 v3.43 KOMA-Script package (using LaTeX hooks)
 (/usr/local/texlive/2025/texmf-dist/tex/latex/koma-script/scrlogo.sty
Package: scrlogo 2024/10/24 v3.43 KOMA-Script package (logo)
)))
Applying: [2021/05/01] Usage of raw or classic option list on input line 254.
Already applied: [0000/00/00] Usage of raw or classic option list on input line 370.
) (/usr/local/texlive/2025/texmf-dist/tex/latex/trimspaces/trimspaces.sty
Package: trimspaces 2009/09/17 v1.1 Trim spaces around a token list
) (/usr/local/texlive/2025/texmf-dist/tex/latex/tools/shellesc.sty
Package: shellesc 2023/07/08 v1.0d unified shell escape interface for LaTeX
Package shellesc Info: Restricted shell escape enabled on input line 77.
)
\c@svg@param@lastpage=\count320
\svg@box=\box70
\c@svg@param@currpage=\count321
) (/usr/local/texlive/2025/texmf-dist/tex/latex/transparent/transparent.sty
Package: transparent 2022-10-27 v1.5 Transparency with color stacks
 (/usr/local/texlive/2025/texmf-dist/tex/latex/transparent/transparent-nometadata.sty
Package: transparent-nometadata 2022-10-27 v1.5 Transparency via pdfTeX's color stack (HO)


Package transparent Warning: Loading aborted, because pdfTeX is not running in PDF mode.

)) (/usr/local/texlive/2025/texmf-dist/tex/latex/listings/listings.sty
\lst@mode=\count322
\lst@gtempboxa=\box71
\lst@token=\toks42
\lst@length=\count323
\lst@currlwidth=\dimen280
\lst@column=\count324
\lst@pos=\count325
\lst@lostspace=\dimen281
\lst@width=\dimen282
\lst@newlines=\count326
\lst@lineno=\count327
\lst@maxwidth=\dimen283
 (/usr/local/texlive/2025/texmf-dist/tex/latex/listings/lstpatch.sty
File: lstpatch.sty 2024/09/23 1.10c (Carsten Heinz)
) (/usr/local/texlive/2025/texmf-dist/tex/latex/listings/lstmisc.sty
File: lstmisc.sty 2024/09/23 1.10c (Carsten Heinz)
\c@lstnumber=\count328
\lst@skipnumbers=\count329
\lst@framebox=\box72
) (/usr/local/texlive/2025/texmf-dist/tex/latex/listings/listings.cfg
File: listings.cfg 2024/09/23 1.10c listings configuration
))
Package: listings 2024/09/23 1.10c (Carsten Heinz)
 (/usr/local/texlive/2025/texmf-dist/tex/latex/listings/lstlang1.sty
File: lstlang1.sty 2024/09/23 1.10c listings language file
) (/usr/local/texlive/2025/texmf-dist/tex/latex/listings/lstlang2.sty
File: lstlang2.sty 2024/09/23 1.10c listings language file
)) (./main.aux (./frontmatter/dedication.aux) (./frontmatter/acknowledgement.aux) (./frontmatter/abstract.aux) (./frontmatter/summary.aux) (./frontmatter/acronyms.aux) (./sections/Introduction/introduction.aux) (./sections/Chapter1-General_Context/chapter1_context_company.aux) (./sections/Chapter2-Main_Project_Design/chapter2_main_project_design.aux) (./sections/Chapter3-Main_Project_Implementation/chapter3_main_project_implementation.aux

LaTeX Warning: Label `chap:context' multiply defined.

) (./sections/Chapter4-Main_Project_Results/chapter4_main_project_results.aux

LaTeX Warning: Label `fig:resources' multiply defined.

) (./sections/Chapter6-Discussion_and_Future_Imporvements/chapter6_technical_challenges.aux) (./sections/Conclusion/conclusion.aux) (./sections/Reflection/reflection.aux) (./appendix2.aux))
\openout1 = `main.aux'.

LaTeX Font Info:    Checking defaults for OML/cmm/m/it on input line 8.
LaTeX Font Info:    ... okay on input line 8.
LaTeX Font Info:    Checking defaults for OMS/cmsy/m/n on input line 8.
LaTeX Font Info:    ... okay on input line 8.
LaTeX Font Info:    Checking defaults for OT1/cmr/m/n on input line 8.
LaTeX Font Info:    ... okay on input line 8.
LaTeX Font Info:    Checking defaults for T1/cmr/m/n on input line 8.
LaTeX Font Info:    ... okay on input line 8.
LaTeX Font Info:    Checking defaults for TS1/cmr/m/n on input line 8.
LaTeX Font Info:    ... okay on input line 8.
LaTeX Font Info:    Checking defaults for TU/lmr/m/n on input line 8.
LaTeX Font Info:    ... okay on input line 8.
LaTeX Font Info:    Checking defaults for OMX/cmex/m/n on input line 8.
LaTeX Font Info:    ... okay on input line 8.
LaTeX Font Info:    Checking defaults for U/cmr/m/n on input line 8.
LaTeX Font Info:    ... okay on input line 8.
LaTeX Font Info:    Checking defaults for PD1/pdf/m/n on input line 8.
LaTeX Font Info:    ... okay on input line 8.
LaTeX Font Info:    Checking defaults for PU/pdf/m/n on input line 8.
LaTeX Font Info:    ... okay on input line 8.

*geometry* driver: auto-detecting
*geometry* detected driver: xetex
*geometry* verbose mode - [ preamble ] result:
* driver: xetex
* paper: a4paper
* layout: <same size as paper>
* layoutoffset:(h,v)=(0.0pt,0.0pt)
* modes: 
* h-part:(L,W,R)=(71.13188pt, 455.24411pt, 71.13188pt)
* v-part:(T,H,B)=(71.13188pt, 702.78308pt, 71.13188pt)
* \paperwidth=597.50787pt
* \paperheight=845.04684pt
* \textwidth=455.24411pt
* \textheight=702.78308pt
* \oddsidemargin=-1.1381pt
* \evensidemargin=-1.1381pt
* \topmargin=-38.1381pt
* \headheight=14.5pt
* \headsep=25.0pt
* \topskip=12.0pt
* \footskip=30.0pt
* \marginparwidth=35.0pt
* \marginparsep=10.0pt
* \columnsep=10.0pt
* \skip\footins=10.8pt plus 4.0pt minus 2.0pt
* \hoffset=0.0pt
* \voffset=0.0pt
* \mag=1000
* \@twocolumnfalse
* \@twosidefalse
* \@mparswitchfalse
* \@reversemarginfalse
* (1in=72.27pt=25.4mm, 1cm=28.453pt)

Package hyperref Info: Link coloring ON on input line 8.
(./main.out) (./main.out)
\@outlinefile=\write4
\openout4 = `main.out'.

\c@lstlisting=\count330
\openout2 = `frontmatter/dedication.aux'.

 (./frontmatter/dedication.tex
LaTeX Font Info:    External font `cmex10' loaded for size
(Font)              <12> on input line 10.
LaTeX Font Info:    External font `cmex10' loaded for size
(Font)              <8> on input line 10.
LaTeX Font Info:    External font `cmex10' loaded for size
(Font)              <6> on input line 10.
LaTeX Font Info:    Calculating math sizes for size <14> on input line 44.
LaTeX Font Info:    External font `cmex10' loaded for size
(Font)              <14> on input line 44.
LaTeX Font Info:    External font `cmex10' loaded for size
(Font)              <9.79996> on input line 44.
LaTeX Font Info:    External font `cmex10' loaded for size
(Font)              <7> on input line 44.


[1



])
\openout2 = `frontmatter/acknowledgement.aux'.

 (./frontmatter/acknowledgement.tex
Missing character: There is no — ("2014) in font ec-lmr12!


[2





])
\openout2 = `frontmatter/abstract.aux'.

 (./frontmatter/abstract.tex
Underfull \hbox (badness 10000) in paragraph at lines 7--8

 []


Underfull \hbox (badness 10000) in paragraph at lines 9--10

 []


Underfull \hbox (badness 10000) in paragraph at lines 11--12

 []



[3





])
\openout2 = `frontmatter/summary.aux'.

 (./frontmatter/summary.tex
Underfull \hbox (badness 10000) in paragraph at lines 8--9

 []


Underfull \hbox (badness 10000) in paragraph at lines 10--11

 []


Underfull \hbox (badness 10000) in paragraph at lines 12--13

 []



[4





]) (./main.toc

[5




]

[6]

[7])
\tf@toc=\write5
\openout5 = `main.toc'.



[8] (./main.lof
Missing character: There is no — ("2014) in font ec-lmr12!
Missing character: There is no — ("2014) in font ec-lmr12!
Missing character: There is no — ("2014) in font ec-lmr12!


[9

])
\tf@lof=\write6
\openout6 = `main.lof'.



[10]
\openout2 = `frontmatter/acronyms.aux'.

 (./frontmatter/acronyms.tex

LaTeX Warning: Hyper reference `acro:API' on page xi undefined on input line 5.


LaTeX Warning: Hyper reference `acro:API' on page xi undefined on input line 5.


LaTeX Warning: Hyper reference `acro:CI/CD' on page xi undefined on input line 6.


LaTeX Warning: Hyper reference `acro:CI/CD' on page xi undefined on input line 6.


LaTeX Warning: Hyper reference `acro:CMS' on page xi undefined on input line 7.


LaTeX Warning: Hyper reference `acro:CMS' on page xi undefined on input line 7.


LaTeX Warning: Hyper reference `acro:CTA' on page xi undefined on input line 8.


LaTeX Warning: Hyper reference `acro:CTA' on page xi undefined on input line 8.


LaTeX Warning: Hyper reference `acro:DevOps' on page xi undefined on input line 9.


LaTeX Warning: Hyper reference `acro:DevOps' on page xi undefined on input line 9.


LaTeX Warning: Hyper reference `acro:Drush' on page xi undefined on input line 10.


LaTeX Warning: Hyper reference `acro:Drush' on page xi undefined on input line 10.


LaTeX Warning: Hyper reference `acro:GitOps' on page xi undefined on input line 11.


LaTeX Warning: Hyper reference `acro:GitOps' on page xi undefined on input line 11.


LaTeX Warning: Hyper reference `acro:HTTP' on page xi undefined on input line 12.


LaTeX Warning: Hyper reference `acro:HTTP' on page xi undefined on input line 12.


LaTeX Warning: Hyper reference `acro:HTTPS' on page xi undefined on input line 13.


LaTeX Warning: Hyper reference `acro:HTTPS' on page xi undefined on input line 13.


LaTeX Warning: Hyper reference `acro:JWT' on page xi undefined on input line 14.


LaTeX Warning: Hyper reference `acro:JWT' on page xi undefined on input line 14.


LaTeX Warning: Hyper reference `acro:OAuth' on page xi undefined on input line 15.


LaTeX Warning: Hyper reference `acro:OAuth' on page xi undefined on input line 15.


LaTeX Warning: Hyper reference `acro:OWASP' on page xi undefined on input line 16.


LaTeX Warning: Hyper reference `acro:OWASP' on page xi undefined on input line 16.


LaTeX Warning: Hyper reference `acro:PHP-FPM' on page xi undefined on input line 17.


LaTeX Warning: Hyper reference `acro:PHP-FPM' on page xi undefined on input line 17.


LaTeX Warning: Hyper reference `acro:QA' on page xi undefined on input line 18.


LaTeX Warning: Hyper reference `acro:QA' on page xi undefined on input line 18.


LaTeX Warning: Hyper reference `acro:SDLC' on page xi undefined on input line 19.


LaTeX Warning: Hyper reference `acro:SDLC' on page xi undefined on input line 19.


LaTeX Warning: Hyper reference `acro:SEO/SEA' on page xi undefined on input line 20.


LaTeX Warning: Hyper reference `acro:SEO/SEA' on page xi undefined on input line 20.


LaTeX Warning: Hyper reference `acro:SMTP' on page xi undefined on input line 21.


LaTeX Warning: Hyper reference `acro:SMTP' on page xi undefined on input line 21.


LaTeX Warning: Hyper reference `acro:SSL' on page xi undefined on input line 22.


LaTeX Warning: Hyper reference `acro:SSL' on page xi undefined on input line 22.


LaTeX Warning: Hyper reference `acro:TLS' on page xi undefined on input line 23.


LaTeX Warning: Hyper reference `acro:TLS' on page xi undefined on input line 23.


LaTeX Warning: Hyper reference `acro:UUID' on page xi undefined on input line 24.


LaTeX Warning: Hyper reference `acro:UUID' on page xi undefined on input line 24.


LaTeX Warning: Hyper reference `acro:UX/UI' on page xi undefined on input line 25.


LaTeX Warning: Hyper reference `acro:UX/UI' on page xi undefined on input line 25.


LaTeX Warning: Hyper reference `acro:XHProf' on page xi undefined on input line 26.


LaTeX Warning: Hyper reference `acro:XHProf' on page xi undefined on input line 26.

)

[11


]
\openout2 = `sections/Introduction/introduction.aux'.

 (./sections/Introduction/introduction.tex

[1





])
\openout2 = `sections/Chapter1-General_Context/chapter1_context_company.aux'.

 (./sections/Chapter1-General_Context/chapter1_context_company.tex
Chapter 1.
(./sections/Chapter1-General_Context/introduction.tex) (./sections/Chapter1-General_Context/presentationOfVoid.tex
File: images/logo-void.png Graphic file (type bmp)
<images/logo-void.png>


[2





]
File: images/void-Allservices.png Graphic file (type bmp)
<images/void-Allservices.png>


[3

]
File: images/clients-void.png Graphic file (type bmp)
<images/clients-void.png>


[4]
File: images/awards-void.png Graphic file (type bmp)
<images/awards-void.png>
) (./sections/Chapter1-General_Context/mainProject.tex

[5]
Missing character: There is no — ("2014) in font ec-lmr12!


[6]

[7]) (./sections/Chapter1-General_Context/methodologyAndTools.tex

[8]
File: images/development-cycle.png Graphic file (type bmp)
<images/development-cycle.png>
File: images/redmine.png Graphic file (type bmp)
<images/redmine.png>


[9]
File: images/slack.png Graphic file (type bmp)
<images/slack.png>
File: images/loom.png Graphic file (type bmp)
<images/loom.png>
File: images/google-meet.png Graphic file (type bmp)
<images/google-meet.png>
File: images/google-calendar.png Graphic file (type bmp)
<images/google-calendar.png>
) (./sections/Chapter1-General_Context/conclusion.tex)

[10]

[11])
\openout2 = `sections/Chapter2-Main_Project_Design/chapter2_main_project_design.aux'.

 (./sections/Chapter2-Main_Project_Design/chapter2_main_project_design.tex
Chapter 2.
(./sections/Chapter2-Main_Project_Design/introduction.tex) (./sections/Chapter2-Main_Project_Design/problematic.tex

[12





]
Missing character: There is no — ("2014) in font ec-lmr12!
) (./sections/Chapter2-Main_Project_Design/objectives.tex

[13]

[14]) (./sections/Chapter2-Main_Project_Design/user_research.tex
Missing character: There is no — ("2014) in font ec-lmr12!


[15]) (./sections/Chapter2-Main_Project_Design/diagrams.tex
File: images/usecase000.png Graphic file (type bmp)
<images/usecase000.png>


[16]

[17]
File: images/mermaid-diagram-2025-06-15-010252.png Graphic file (type bmp)
<images/mermaid-diagram-2025-06-15-010252.png>


[18]
File: images/mermaid-diagram-2025-06-15-175846.png Graphic file (type bmp)
<images/mermaid-diagram-2025-06-15-175846.png>
File: images/mermaid-diagram-2025-06-15-141757.png Graphic file (type bmp)
<images/mermaid-diagram-2025-06-15-141757.png>


[19]
File: images/classfinalss.png Graphic file (type bmp)
<images/classfinalss.png>


[20]

[21]
Missing character: There is no — ("2014) in font ec-lmr12!
Missing character: There is no — ("2014) in font ec-lmr12!
Missing character: There is no — ("2014) in font ec-lmr12!
Missing character: There is no — ("2014) in font ec-lmr12!
Missing character: There is no — ("2014) in font ec-lmr12!
Missing character: There is no — ("2014) in font ec-lmr12!
File: images/gant-wwi.png Graphic file (type bmp)
<images/gant-wwi.png>
) (./sections/Chapter2-Main_Project_Design/mockups_wireframes.tex

[22]
Overfull \vbox (44.96413pt too high) has occurred while \output is active []



[23]
File: images/landing_mockup.png Graphic file (type bmp)
<images/landing_mockup.png>

Missing character: There is no — ("2014) in font ec-lmr12!
File: images/mockups-candidat.png Graphic file (type bmp)
<images/mockups-candidat.png>
Missing character: There is no — ("2014) in font ec-lmr12!
File: images/mockups-formation.png Graphic file (type bmp)
<images/mockups-formation.png>
Missing character: There is no — ("2014) in font ec-lmr12!


[24]) (./sections/Chapter2-Main_Project_Design/conclusion.tex))

[25]
\openout2 = `sections/Chapter3-Main_Project_Implementation/chapter3_main_project_implementation.aux'.

 (./sections/Chapter3-Main_Project_Implementation/chapter3_main_project_implementation.tex
Chapter 3.
(./sections/Chapter3-Main_Project_Implementation/introduction.tex) (./sections/Chapter3-Main_Project_Implementation/env_setup.tex
File: images/php-logo.png Graphic file (type bmp)
<images/php-logo.png>
File: images/html5-logo.png Graphic file (type bmp)
<images/html5-logo.png>
File: images/javascript-logo.png Graphic file (type bmp)
<images/javascript-logo.png>
File: images/nextjs-logo.png Graphic file (type bmp)
<images/nextjs-logo.png>
File: images/tailwind-logo.png Graphic file (type bmp)
<images/tailwind-logo.png>
File: images/drupal-logo.png Graphic file (type bmp)
<images/drupal-logo.png>


[26




]
File: images/mysql-logo.png Graphic file (type bmp)
<images/mysql-logo.png>
File: images/redis-logo.png Graphic file (type bmp)
<images/redis-logo.png>
File: images/memcached-Logo.png Graphic file (type bmp)
<images/memcached-Logo.png>
File: images/mailhog-logo.png Graphic file (type bmp)
<images/mailhog-logo.png>
) (./sections/Chapter3-Main_Project_Implementation/dev_tools.tex
File: images/vscode-logo.png Graphic file (type bmp)
<images/vscode-logo.png>
File: images/docker-logo.png Graphic file (type bmp)
<images/docker-logo.png>
File: images/orbstack-logo.png Graphic file (type bmp)
<images/orbstack-logo.png>
File: images/git-logo.png Graphic file (type bmp)
<images/git-logo.png>
File: images/bitbucket-logo.png Graphic file (type bmp)
<images/bitbucket-logo.png>
File: images/dockerhub-logo.png Graphic file (type bmp)
<images/dockerhub-logo.png>
File: images/easypanel-logo.png Graphic file (type bmp)
<images/easypanel-logo.png>
File: images/nginx-logo.png Graphic file (type bmp)
<images/nginx-logo.png>
)

[27] (./sections/Chapter3-Main_Project_Implementation/dev_environment.tex

[28]
LaTeX Font Info:    Trying to load font information for T1+lmtt on input line 47.
 (/usr/local/texlive/2025/texmf-dist/tex/latex/lm/t1lmtt.fd
File: t1lmtt.fd 2015/05/01 v1.6.1 Font defs for Latin Modern
)

[29]
File: images/storybook.png Graphic file (type bmp)
<images/storybook.png>
) (./sections/Chapter3-Main_Project_Implementation/backend.tex

[30]
File: images/json-api-path-configuration.png Graphic file (type bmp)
<images/json-api-path-configuration.png>
File: images/json-api-recources.png Graphic file (type bmp)
<images/json-api-recources.png>


[31]
Missing character: There is no — ("2014) in font ec-lmr12!
Missing character: There is no — ("2014) in font ec-lmr12!
Missing character: There is no — ("2014) in font ec-lmr12!
Missing character: There is no — ("2014) in font ec-lmr12!
File: images/structuring-page-BO.png Graphic file (type bmp)
<images/structuring-page-BO.png>


[32]
File: images/memcached_ui.png Graphic file (type bmp)
<images/memcached_ui.png>


[33]
Overfull \hbox (1.65561pt too wide) in paragraph at lines 98--99
[]\T1/lmr/bx/n/12 Widget Def-i-ni-tion\T1/lmr/m/n/12 : Each wid-get con-sists of a di-rec-tory con-tain-ing a \T1/lmtt/m/n/12 settings.yml
 []



[34]
File: images/widget_selection.png Graphic file (type bmp)
<images/widget_selection.png>


[35]
File: images/widget_lists.png Graphic file (type bmp)
<images/widget_lists.png>
File: images/widget_content.png Graphic file (type bmp)
<images/widget_content.png>


[36]

[37]

[38]

[39]) (./sections/Chapter3-Main_Project_Implementation/frontend_implementation.tex

[40]
Overfull \hbox (19.41943pt too wide) in paragraph at lines 21--22
[]\T1/lmr/bx/n/12 Backend Wid-get Con-fig-u-ra-tion\T1/lmr/m/n/12 : Wid-gets are de-fined in Dru-pal us-ing \T1/lmtt/m/n/12 settings.yml
 []


Overfull \hbox (3.01357pt too wide) in paragraph at lines 31--32
[]\T1/lmr/bx/n/12 Component Dis-cov-ery\T1/lmr/m/n/12 : Scan-ning the code-base for files match-ing the \T1/lmtt/m/n/12 *Widget.jsx
 []

File: images/webpack_mapping.png Graphic file (type bmp)
<images/webpack_mapping.png>


[41]
File: images/webpack_listing.png Graphic file (type bmp)
<images/webpack_listing.png>


[42]
Missing character: There is no ├ ("251C) in font ec-lmtt12!
Missing character: There is no ─ ("2500) in font ec-lmtt12!
Missing character: There is no ─ ("2500) in font ec-lmtt12!
Missing character: There is no │ ("2502) in font ec-lmtt12!
Missing character: There is no └ ("2514) in font ec-lmtt12!
Missing character: There is no ─ ("2500) in font ec-lmtt12!
Missing character: There is no ─ ("2500) in font ec-lmtt12!
Missing character: There is no │ ("2502) in font ec-lmtt12!
Missing character: There is no └ ("2514) in font ec-lmtt12!
Missing character: There is no ─ ("2500) in font ec-lmtt12!
Missing character: There is no ─ ("2500) in font ec-lmtt12!
Missing character: There is no ├ ("251C) in font ec-lmtt12!
Missing character: There is no ─ ("2500) in font ec-lmtt12!
Missing character: There is no ─ ("2500) in font ec-lmtt12!
Missing character: There is no │ ("2502) in font ec-lmtt12!
Missing character: There is no └ ("2514) in font ec-lmtt12!
Missing character: There is no ─ ("2500) in font ec-lmtt12!
Missing character: There is no ─ ("2500) in font ec-lmtt12!

Overfull \hbox (131.38118pt too wide) in paragraph at lines 104--104
[]    \T1/lmtt/m/n/12 starter/ # Vactory starter kit that is synchronized with the Vactory starter kit repository[] 
 []



[43]
Missing character: There is no │ ("2502) in font ec-lmtt12!
Missing character: There is no └ ("2514) in font ec-lmtt12!
Missing character: There is no ─ ("2500) in font ec-lmtt12!
Missing character: There is no ─ ("2500) in font ec-lmtt12!
Missing character: There is no │ ("2502) in font ec-lmtt12!
Missing character: There is no ├ ("251C) in font ec-lmtt12!
Missing character: There is no ─ ("2500) in font ec-lmtt12!
Missing character: There is no ─ ("2500) in font ec-lmtt12!
Missing character: There is no │ ("2502) in font ec-lmtt12!
Missing character: There is no ├ ("251C) in font ec-lmtt12!
Missing character: There is no ─ ("2500) in font ec-lmtt12!
Missing character: There is no ─ ("2500) in font ec-lmtt12!
Missing character: There is no │ ("2502) in font ec-lmtt12!
Missing character: There is no ├ ("251C) in font ec-lmtt12!
Missing character: There is no ─ ("2500) in font ec-lmtt12!
Missing character: There is no ─ ("2500) in font ec-lmtt12!
Missing character: There is no │ ("2502) in font ec-lmtt12!
Missing character: There is no ├ ("251C) in font ec-lmtt12!
Missing character: There is no ─ ("2500) in font ec-lmtt12!
Missing character: There is no ─ ("2500) in font ec-lmtt12!
Missing character: There is no │ ("2502) in font ec-lmtt12!
Missing character: There is no ├ ("251C) in font ec-lmtt12!
Missing character: There is no ─ ("2500) in font ec-lmtt12!
Missing character: There is no ─ ("2500) in font ec-lmtt12!
Missing character: There is no │ ("2502) in font ec-lmtt12!
Missing character: There is no ├ ("251C) in font ec-lmtt12!
Missing character: There is no ─ ("2500) in font ec-lmtt12!
Missing character: There is no ─ ("2500) in font ec-lmtt12!
Missing character: There is no │ ("2502) in font ec-lmtt12!
Missing character: There is no ├ ("251C) in font ec-lmtt12!
Missing character: There is no ─ ("2500) in font ec-lmtt12!
Missing character: There is no ─ ("2500) in font ec-lmtt12!
Missing character: There is no │ ("2502) in font ec-lmtt12!
Missing character: There is no │ ("2502) in font ec-lmtt12!
Missing character: There is no ├ ("251C) in font ec-lmtt12!
Missing character: There is no ─ ("2500) in font ec-lmtt12!
Missing character: There is no ─ ("2500) in font ec-lmtt12!
Missing character: There is no │ ("2502) in font ec-lmtt12!
Missing character: There is no │ ("2502) in font ec-lmtt12!
Missing character: There is no ├ ("251C) in font ec-lmtt12!
Missing character: There is no ─ ("2500) in font ec-lmtt12!
Missing character: There is no ─ ("2500) in font ec-lmtt12!
Missing character: There is no │ ("2502) in font ec-lmtt12!
Missing character: There is no │ ("2502) in font ec-lmtt12!
Missing character: There is no └ ("2514) in font ec-lmtt12!
Missing character: There is no ─ ("2500) in font ec-lmtt12!
Missing character: There is no ─ ("2500) in font ec-lmtt12!
Missing character: There is no │ ("2502) in font ec-lmtt12!
Missing character: There is no ├ ("251C) in font ec-lmtt12!
Missing character: There is no ─ ("2500) in font ec-lmtt12!
Missing character: There is no ─ ("2500) in font ec-lmtt12!
Missing character: There is no │ ("2502) in font ec-lmtt12!
Missing character: There is no └ ("2514) in font ec-lmtt12!
Missing character: There is no ─ ("2500) in font ec-lmtt12!
Missing character: There is no ─ ("2500) in font ec-lmtt12!
Missing character: There is no └ ("2514) in font ec-lmtt12!
Missing character: There is no ─ ("2500) in font ec-lmtt12!
Missing character: There is no ─ ("2500) in font ec-lmtt12!
Missing character: There is no ├ ("251C) in font ec-lmtt12!
Missing character: There is no ─ ("2500) in font ec-lmtt12!
Missing character: There is no ─ ("2500) in font ec-lmtt12!
Missing character: There is no └ ("2514) in font ec-lmtt12!
Missing character: There is no ─ ("2500) in font ec-lmtt12!
Missing character: There is no ─ ("2500) in font ec-lmtt12!
File: images/storybook_button.png Graphic file (type bmp)
<images/storybook_button.png>


[44]
Package hyperref Info: bookmark level for unknown lstlisting defaults to 0 on input line 138.


[45]

[46]
File: images/redisCommander.png Graphic file (type bmp)
<images/redisCommander.png>


[47]

[48]
File: images/Screenshot-offline.png Graphic file (type bmp)
<images/Screenshot-offline.png>
) (./sections/Chapter3-Main_Project_Implementation/devops.tex

[49]
File: images/Screenshot-easypanel.png Graphic file (type bmp)
<images/Screenshot-easypanel.png>

Overfull \hbox (2.68831pt too wide) in paragraph at lines 16--16
|[]\T1/lmr/bx/n/14.4 Continuous In-te-gra-tion and De-ploy-ment Pipeline (CI/CD)| 
 []

File: images/Screenshot-build.png Graphic file (type bmp)
<images/Screenshot-build.png>


[50]
File: images/mermaid-cicd.png Graphic file (type bmp)
<images/mermaid-cicd.png>


[51]) (./sections/Chapter3-Main_Project_Implementation/testing.tex

[52]))

[53]
\openout2 = `sections/Chapter4-Main_Project_Results/chapter4_main_project_results.aux'.

 (./sections/Chapter4-Main_Project_Results/chapter4_main_project_results.tex
Chapter 4.
(./sections/Chapter4-Main_Project_Results/showcase.tex
File: images/Screenshot-intern-main-page-section.png Graphic file (type bmp)
<images/Screenshot-intern-main-page-section.png>
File: images/Screenshot-sledr.png Graphic file (type bmp)
<images/Screenshot-sledr.png>


[54




]
File: images/image-dash-1.png Graphic file (type bmp)
<images/image-dash-1.png>


[55]
File: images/image-dash-2.png Graphic file (type bmp)
<images/image-dash-2.png>
File: images/Screenshot-intern-sprint-collection.png Graphic file (type bmp)
<images/Screenshot-intern-sprint-collection.png>


[56]
File: images/screencapture-intern-sprint.png Graphic file (type bmp)
<images/screencapture-intern-sprint.png>


[57]
File: images/Screenshot-intern-resources.png Graphic file (type bmp)
<images/Screenshot-intern-resources.png>


[58]
File: images/Screenshot-intern-resources-accounts.png Graphic file (type bmp)
<images/Screenshot-intern-resources-accounts.png>


[59]
File: images/Screenshot-project.png Graphic file (type bmp)
<images/Screenshot-project.png>
File: images/Screenshot-intern-profil.png Graphic file (type bmp)
<images/Screenshot-intern-profil.png>


[60]
File: images/Screenshot-intern-documents.png Graphic file (type bmp)
<images/Screenshot-intern-documents.png>


[61]

[62]
File: images/prodStructure.png Graphic file (type bmp)
<images/prodStructure.png>


[63]))

[64]
\openout2 = `sections/Chapter6-Discussion_and_Future_Imporvements/chapter6_technical_challenges.aux'.

 (./sections/Chapter6-Discussion_and_Future_Imporvements/chapter6_technical_challenges.tex
Chapter 5.


[65




]

[66])

[67]
\openout2 = `sections/Conclusion/conclusion.aux'.

 (./sections/Conclusion/conclusion.tex
Missing character: There is no — ("2014) in font ec-lmr12!
Missing character: There is no — ("2014) in font ec-lmr12!
Missing character: There is no — ("2014) in font ec-lmr12!
Missing character: There is no — ("2014) in font ec-lmr12!
Missing character: There is no — ("2014) in font ec-lmr12!
Missing character: There is no — ("2014) in font ec-lmr12!
Missing character: There is no — ("2014) in font ec-lmr12!


[68




]
Missing character: There is no — ("2014) in font ec-lmr12!
)

[69]
\openout2 = `sections/Reflection/reflection.aux'.


No file sections/Reflection/reflection.tex.
\openout2 = `appendix2.aux'.

(./appendix2.tex

[70







])

[71] (./main.bbl
Underfull \hbox (badness 10000) in paragraph at lines 19--22
[]\T1/lmr/m/n/12 GeeksforGeeks.  Soft-ware de-vel-op-ment life cy-cle (sdlc), 2025.
 []


Underfull \hbox (badness 10000) in paragraph at lines 19--22
\T1/lmr/m/n/12 URL [][]$\T1/lmtt/m/n/12 https : / / www . geeksforgeeks . org / software-[]engineering /
 []

)

[72



] (./main.aux (./frontmatter/dedication.aux) (./frontmatter/acknowledgement.aux) (./frontmatter/abstract.aux) (./frontmatter/summary.aux) (./frontmatter/acronyms.aux) (./sections/Introduction/introduction.aux) (./sections/Chapter1-General_Context/chapter1_context_company.aux) (./sections/Chapter2-Main_Project_Design/chapter2_main_project_design.aux) (./sections/Chapter3-Main_Project_Implementation/chapter3_main_project_implementation.aux) (./sections/Chapter4-Main_Project_Results/chapter4_main_project_results.aux) (./sections/Chapter6-Discussion_and_Future_Imporvements/chapter6_technical_challenges.aux) (./sections/Conclusion/conclusion.aux) (./sections/Reflection/reflection.aux) (./appendix2.aux))
 ***********
LaTeX2e <2024-11-01> patch level 2
L3 programming layer <2025-01-18>
 ***********


LaTeX Warning: There were undefined references.


LaTeX Warning: There were multiply-defined labels.

Package rerunfilecheck Info: File `main.out' has not changed.
(rerunfilecheck)             Checksum: 990795C6D6B3E12ABDA4C0A52BEACF32;19075.
 ) 
Here is how much of TeX's memory you used:
 29027 strings out of 473832
 571651 string characters out of 5729481
 1278174 words of memory out of 5000000
 51410 multiletter control sequences out of 15000+600000
 619942 words of font info for 70 fonts, out of 8000000 for 9000
 1348 hyphenation exceptions out of 8191
 107i,12n,110p,1117b,2882s stack positions out of 10000i,1000n,20000p,200000b,200000s

Output written on main.xdv (83 pages, 305452 bytes).
