\BOOKMARK [0][-]{chapter*.1}{\376\377\000D\000e\000d\000i\000c\000a\000t\000i\000o\000n}{}% 1
\BOOKMARK [0][-]{chapter*.2}{\376\377\000A\000c\000k\000n\000o\000w\000l\000e\000d\000g\000e\000m\000e\000n\000t}{}% 2
\BOOKMARK [0][-]{chapter*.3}{\376\377\000A\000b\000s\000t\000r\000a\000c\000t}{}% 3
\BOOKMARK [0][-]{chapter*.4}{\376\377\000R\000\351\000s\000u\000m\000\351}{}% 4
\BOOKMARK [0][-]{chapter*.6}{\376\377\000L\000i\000s\000t\000\040\000o\000f\000\040\000F\000i\000g\000u\000r\000e\000s}{}% 5
\BOOKMARK [0][-]{chapter*.7}{\376\377\000L\000i\000s\000t\000\040\000o\000f\000\040\000A\000c\000r\000o\000n\000y\000m\000s}{}% 6
\BOOKMARK [0][-]{chapter*.8}{\376\377\000G\000e\000n\000e\000r\000a\000l\000\040\000I\000n\000t\000r\000o\000d\000u\000c\000t\000i\000o\000n}{}% 7
\BOOKMARK [0][-]{chapter.1}{\376\377\000G\000e\000n\000e\000r\000a\000l\000\040\000C\000o\000n\000t\000e\000x\000t\000\040\000o\000f\000\040\000t\000h\000e\000\040\000P\000r\000o\000j\000e\000c\000t}{}% 8
\BOOKMARK [1][-]{section.1.1}{\376\377\000I\000n\000t\000r\000o\000d\000u\000c\000t\000i\000o\000n}{chapter.1}% 9
\BOOKMARK [1][-]{section.1.2}{\376\377\000P\000r\000e\000s\000e\000n\000t\000a\000t\000i\000o\000n\000\040\000o\000f\000\040\000V\000O\000I\000D}{chapter.1}% 10
\BOOKMARK [2][-]{subsection.1.2.1}{\376\377\000C\000o\000r\000e\000\040\000V\000a\000l\000u\000e\000s}{section.1.2}% 11
\BOOKMARK [2][-]{subsection.1.2.2}{\376\377\000T\000e\000c\000h\000n\000i\000c\000a\000l\000\040\000E\000x\000p\000e\000r\000t\000i\000s\000e}{section.1.2}% 12
\BOOKMARK [2][-]{subsection.1.2.3}{\376\377\000C\000o\000m\000p\000a\000n\000y\000\040\000S\000o\000l\000u\000t\000i\000o\000n\000s}{section.1.2}% 13
\BOOKMARK [2][-]{subsection.1.2.4}{\376\377\000C\000o\000m\000p\000a\000n\000y\000\040\000S\000e\000r\000v\000i\000c\000e\000s}{section.1.2}% 14
\BOOKMARK [2][-]{subsection.1.2.5}{\376\377\000C\000l\000i\000e\000n\000t\000s\000\040\000a\000n\000d\000\040\000P\000r\000o\000j\000e\000c\000t\000s}{section.1.2}% 15
\BOOKMARK [2][-]{subsection.1.2.6}{\376\377\000A\000w\000a\000r\000d\000s\000\040\000a\000n\000d\000\040\000R\000e\000c\000o\000g\000n\000i\000t\000i\000o\000n\000s}{section.1.2}% 16
\BOOKMARK [1][-]{section.1.3}{\376\377\000T\000h\000e\000\040\000M\000a\000i\000n\000\040\000P\000r\000o\000j\000e\000c\000t}{chapter.1}% 17
\BOOKMARK [2][-]{subsection.1.3.1}{\376\377\000T\000r\000a\000i\000n\000i\000n\000g\000\040\000P\000h\000a\000s\000e\000\040\000a\000t\000\040\000V\000O\000I\000D}{section.1.3}% 18
\BOOKMARK [2][-]{subsection.1.3.2}{\376\377\000P\000r\000o\000b\000l\000e\000m\000a\000t\000i\000c}{section.1.3}% 19
\BOOKMARK [2][-]{subsection.1.3.3}{\376\377\000O\000b\000j\000e\000c\000t\000i\000v\000e\000s}{section.1.3}% 20
\BOOKMARK [2][-]{subsection.1.3.4}{\376\377\000P\000r\000o\000p\000o\000s\000e\000d\000\040\000S\000o\000l\000u\000t\000i\000o\000n}{section.1.3}% 21
\BOOKMARK [1][-]{section.1.4}{\376\377\000P\000r\000o\000j\000e\000c\000t\000\040\000M\000a\000n\000a\000g\000e\000m\000e\000n\000t\000\040\000M\000e\000t\000h\000o\000d\000o\000l\000o\000g\000y}{chapter.1}% 22
\BOOKMARK [2][-]{subsection.1.4.1}{\376\377\000A\000g\000i\000l\000e\000\040\000M\000e\000t\000h\000o\000d\000o\000l\000o\000g\000y}{section.1.4}% 23
\BOOKMARK [2][-]{subsection.1.4.2}{\376\377\000O\000r\000g\000a\000n\000i\000z\000a\000t\000i\000o\000n\000\040\000a\000n\000d\000\040\000C\000o\000m\000m\000u\000n\000i\000c\000a\000t\000i\000o\000n\000\040\000T\000o\000o\000l\000s}{section.1.4}% 24
\BOOKMARK [1][-]{section.1.5}{\376\377\000C\000o\000n\000c\000l\000u\000s\000i\000o\000n}{chapter.1}% 25
\BOOKMARK [0][-]{chapter.2}{\376\377\000P\000r\000o\000j\000e\000c\000t\000\040\000A\000n\000a\000l\000y\000s\000i\000s\000\040\000a\000n\000d\000\040\000D\000e\000s\000i\000g\000n}{}% 26
\BOOKMARK [1][-]{section.2.1}{\376\377\000I\000n\000t\000r\000o\000d\000u\000c\000t\000i\000o\000n}{chapter.2}% 27
\BOOKMARK [1][-]{section.2.2}{\376\377\000S\000t\000u\000d\000y\000\040\000o\000f\000\040\000t\000h\000e\000\040\000E\000x\000i\000s\000t\000i\000n\000g\000\040\000S\000y\000s\000t\000e\000m}{chapter.2}% 28
\BOOKMARK [2][-]{subsection.2.2.1}{\376\377\000O\000p\000e\000r\000a\000t\000i\000o\000n\000a\000l\000\040\000I\000n\000e\000f\000f\000i\000c\000i\000e\000n\000c\000i\000e\000s}{section.2.2}% 29
\BOOKMARK [2][-]{subsection.2.2.2}{\376\377\000T\000e\000c\000h\000n\000i\000c\000a\000l\000\040\000L\000i\000m\000i\000t\000a\000t\000i\000o\000n\000s}{section.2.2}% 30
\BOOKMARK [2][-]{subsection.2.2.3}{\376\377\000I\000m\000p\000a\000c\000t\000\040\000o\000n\000\040\000S\000t\000a\000k\000e\000h\000o\000l\000d\000e\000r\000s}{section.2.2}% 31
\BOOKMARK [1][-]{section.2.3}{\376\377\000S\000p\000e\000c\000i\000f\000i\000c\000a\000t\000i\000o\000n\000\040\000D\000o\000c\000u\000m\000e\000n\000t}{chapter.2}% 32
\BOOKMARK [2][-]{subsection.2.3.1}{\376\377\000F\000u\000n\000c\000t\000i\000o\000n\000a\000l\000\040\000R\000e\000q\000u\000i\000r\000e\000m\000e\000n\000t\000s}{section.2.3}% 33
\BOOKMARK [2][-]{subsection.2.3.2}{\376\377\000N\000o\000n\000-\000F\000u\000n\000c\000t\000i\000o\000n\000a\000l\000\040\000R\000e\000q\000u\000i\000r\000e\000m\000e\000n\000t\000s}{section.2.3}% 34
\BOOKMARK [2][-]{subsection.2.3.3}{\376\377\000S\000u\000c\000c\000e\000s\000s\000\040\000C\000r\000i\000t\000e\000r\000i\000a}{section.2.3}% 35
\BOOKMARK [1][-]{section.2.4}{\376\377\000U\000s\000e\000r\000\040\000R\000e\000s\000e\000a\000r\000c\000h\000\040\000a\000n\000d\000\040\000M\000e\000t\000h\000o\000d\000o\000l\000o\000g\000y}{chapter.2}% 36
\BOOKMARK [2][-]{subsection.2.4.1}{\376\377\000R\000e\000s\000e\000a\000r\000c\000h\000\040\000M\000e\000t\000h\000o\000d\000s}{section.2.4}% 37
\BOOKMARK [2][-]{subsection.2.4.2}{\376\377\000U\000s\000e\000r\000\040\000J\000o\000u\000r\000n\000e\000y\000\040\000A\000n\000a\000l\000y\000s\000i\000s}{section.2.4}% 38
\BOOKMARK [1][-]{section.2.5}{\376\377\000U\000M\000L\000\040\000D\000i\000a\000g\000r\000a\000m\000s\000\040\000O\000v\000e\000r\000v\000i\000e\000w}{chapter.2}% 39
\BOOKMARK [2][-]{subsection.2.5.1}{\376\377\000U\000s\000e\000\040\000C\000a\000s\000e\000\040\000D\000i\000a\000g\000r\000a\000m}{section.2.5}% 40
\BOOKMARK [2][-]{subsection.2.5.2}{\376\377\000S\000e\000q\000u\000e\000n\000c\000e\000\040\000D\000i\000a\000g\000r\000a\000m}{section.2.5}% 41
\BOOKMARK [2][-]{subsection.2.5.3}{\376\377\000C\000l\000a\000s\000s\000\040\000D\000i\000a\000g\000r\000a\000m}{section.2.5}% 42
\BOOKMARK [2][-]{subsection.2.5.4}{\376\377\000P\000r\000o\000j\000e\000c\000t\000\040\000T\000i\000m\000e\000l\000i\000n\000e\000\040\000D\000i\000a\000g\000r\000a\000m\000s}{section.2.5}% 43
\BOOKMARK [1][-]{section.2.6}{\376\377\000M\000o\000c\000k\000u\000p\000s\000\040\000a\000n\000d\000\040\000W\000i\000r\000e\000f\000r\000a\000m\000e\000s}{chapter.2}% 44
\BOOKMARK [1][-]{section.2.7}{\376\377\000C\000o\000n\000c\000l\000u\000s\000i\000o\000n}{chapter.2}% 45
\BOOKMARK [0][-]{chapter.3}{\376\377\000M\000a\000i\000n\000\040\000P\000r\000o\000j\000e\000c\000t\000\040\000I\000m\000p\000l\000e\000m\000e\000n\000t\000a\000t\000i\000o\000n}{}% 46
\BOOKMARK [1][-]{section.3.1}{\376\377\000I\000n\000t\000r\000o\000d\000u\000c\000t\000i\000o\000n}{chapter.3}% 47
\BOOKMARK [1][-]{section.3.2}{\376\377\000P\000r\000o\000g\000r\000a\000m\000m\000i\000n\000g\000\040\000L\000a\000n\000g\000u\000a\000g\000e\000s\000\040\000a\000n\000d\000\040\000F\000r\000a\000m\000e\000w\000o\000r\000k\000s}{chapter.3}% 48
\BOOKMARK [2][-]{subsection.3.2.1}{\376\377\000P\000r\000o\000g\000r\000a\000m\000m\000i\000n\000g\000\040\000L\000a\000n\000g\000u\000a\000g\000e\000s}{section.3.2}% 49
\BOOKMARK [2][-]{subsection.3.2.2}{\376\377\000F\000r\000a\000m\000e\000w\000o\000r\000k\000s\000\040\000a\000n\000d\000\040\000L\000i\000b\000r\000a\000r\000i\000e\000s}{section.3.2}% 50
\BOOKMARK [2][-]{subsection.3.2.3}{\376\377\000D\000a\000t\000a\000b\000a\000s\000e\000\040\000a\000n\000d\000\040\000C\000a\000c\000h\000i\000n\000g}{section.3.2}% 51
\BOOKMARK [1][-]{section.3.3}{\376\377\000D\000e\000v\000e\000l\000o\000p\000m\000e\000n\000t\000\040\000T\000o\000o\000l\000s}{chapter.3}% 52
\BOOKMARK [1][-]{section.3.4}{\376\377\000D\000e\000v\000e\000l\000o\000p\000m\000e\000n\000t\000\040\000E\000n\000v\000i\000r\000o\000n\000m\000e\000n\000t}{chapter.3}% 53
\BOOKMARK [2][-]{subsection.3.4.1}{\376\377\000B\000a\000c\000k\000e\000n\000d\000\040\000C\000o\000n\000t\000a\000i\000n\000e\000r\000s}{section.3.4}% 54
\BOOKMARK [2][-]{subsection.3.4.2}{\376\377\000F\000r\000o\000n\000t\000e\000n\000d\000\040\000C\000o\000n\000t\000a\000i\000n\000e\000r\000s}{section.3.4}% 55
\BOOKMARK [2][-]{subsection.3.4.3}{\376\377\000S\000e\000c\000u\000r\000e\000\040\000A\000P\000I\000\040\000P\000r\000o\000x\000y\000i\000n\000g}{section.3.4}% 56
\BOOKMARK [2][-]{subsection.3.4.4}{\376\377\000C\000a\000c\000h\000i\000n\000g\000\040\000A\000r\000c\000h\000i\000t\000e\000c\000t\000u\000r\000e}{section.3.4}% 57
\BOOKMARK [2][-]{subsection.3.4.5}{\376\377\000M\000a\000i\000l\000\040\000T\000e\000s\000t\000i\000n\000g\000\040\000I\000n\000f\000r\000a\000s\000t\000r\000u\000c\000t\000u\000r\000e}{section.3.4}% 58
\BOOKMARK [2][-]{subsection.3.4.6}{\376\377\000C\000o\000m\000p\000o\000n\000e\000n\000t\000\040\000D\000e\000v\000e\000l\000o\000p\000m\000e\000n\000t\000\040\000w\000i\000t\000h\000\040\000S\000t\000o\000r\000y\000b\000o\000o\000k}{section.3.4}% 59
\BOOKMARK [2][-]{subsection.3.4.7}{\376\377\000R\000o\000u\000t\000i\000n\000g\000\040\000S\000t\000r\000a\000t\000e\000g\000y}{section.3.4}% 60
\BOOKMARK [1][-]{section.3.5}{\376\377\000B\000a\000c\000k\000e\000n\000d\000\040\000I\000m\000p\000l\000e\000m\000e\000n\000t\000a\000t\000i\000o\000n}{chapter.3}% 61
\BOOKMARK [2][-]{subsection.3.5.1}{\376\377\000I\000n\000t\000r\000o\000d\000u\000c\000t\000i\000o\000n}{section.3.5}% 62
\BOOKMARK [2][-]{subsection.3.5.2}{\376\377\000D\000r\000u\000p\000a\000l\000\040\000A\000r\000c\000h\000i\000t\000e\000c\000t\000u\000r\000e\000\040\000a\000n\000d\000\040\000A\000P\000I\000\040\000S\000t\000r\000a\000t\000e\000g\000y}{section.3.5}% 63
\BOOKMARK [2][-]{subsection.3.5.3}{\376\377\000P\000e\000r\000f\000o\000r\000m\000a\000n\000c\000e\000\040\000O\000p\000t\000i\000m\000i\000z\000a\000t\000i\000o\000n\000\040\000w\000i\000t\000h\000\040\000M\000e\000m\000c\000a\000c\000h\000e\000d}{section.3.5}% 64
\BOOKMARK [2][-]{subsection.3.5.4}{\376\377\000E\000m\000a\000i\000l\000\040\000D\000e\000b\000u\000g\000g\000i\000n\000g\000\040\000w\000i\000t\000h\000\040\000M\000a\000i\000l\000H\000o\000g}{section.3.5}% 65
\BOOKMARK [2][-]{subsection.3.5.5}{\376\377\000W\000i\000d\000g\000e\000t\000\040\000S\000y\000s\000t\000e\000m\000\040\000A\000r\000c\000h\000i\000t\000e\000c\000t\000u\000r\000e\000\040\000a\000n\000d\000\040\000D\000i\000s\000c\000o\000v\000e\000r\000y\000\040\000P\000r\000o\000c\000e\000s\000s}{section.3.5}% 66
\BOOKMARK [2][-]{subsection.3.5.6}{\376\377\000M\000a\000i\000n\000\040\000W\000e\000b\000s\000i\000t\000e\000\040\000B\000a\000c\000k\000e\000n\000d\000\040\000S\000t\000r\000u\000c\000t\000u\000r\000e}{section.3.5}% 67
\BOOKMARK [2][-]{subsection.3.5.7}{\376\377\000T\000r\000a\000i\000n\000i\000n\000g\000\040\000a\000n\000d\000\040\000R\000e\000s\000o\000u\000r\000c\000e\000\040\000M\000a\000n\000a\000g\000e\000m\000e\000n\000t\000\040\000C\000u\000s\000t\000o\000m\000\040\000M\000o\000d\000u\000l\000e\000s}{section.3.5}% 68
\BOOKMARK [2][-]{subsection.3.5.8}{\376\377\000S\000e\000c\000u\000r\000i\000t\000y\000\040\000a\000n\000d\000\040\000A\000c\000c\000e\000s\000s\000\040\000C\000o\000n\000t\000r\000o\000l}{section.3.5}% 69
\BOOKMARK [1][-]{section.3.6}{\376\377\000F\000r\000o\000n\000t\000e\000n\000d\000\040\000I\000m\000p\000l\000e\000m\000e\000n\000t\000a\000t\000i\000o\000n}{chapter.3}% 70
\BOOKMARK [2][-]{subsection.3.6.1}{\376\377\000D\000e\000c\000o\000u\000p\000l\000e\000d\000\040\000A\000r\000c\000h\000i\000t\000e\000c\000t\000u\000r\000e\000\040\000a\000n\000d\000\040\000B\000a\000c\000k\000e\000n\000d\000\040\000I\000n\000t\000e\000g\000r\000a\000t\000i\000o\000n}{section.3.6}% 71
\BOOKMARK [2][-]{subsection.3.6.2}{\376\377\000R\000o\000u\000t\000i\000n\000g\000\040\000a\000n\000d\000\040\000P\000a\000t\000h\000\040\000R\000e\000s\000o\000l\000u\000t\000i\000o\000n}{section.3.6}% 72
\BOOKMARK [2][-]{subsection.3.6.3}{\376\377\000M\000o\000n\000o\000r\000e\000p\000o\000\040\000A\000r\000c\000h\000i\000t\000e\000c\000t\000u\000r\000e\000\040\000a\000n\000d\000\040\000S\000t\000a\000r\000t\000e\000r\000\040\000K\000i\000t\000\040\000I\000n\000t\000e\000g\000r\000a\000t\000i\000o\000n}{section.3.6}% 73
\BOOKMARK [2][-]{subsection.3.6.4}{\376\377\000D\000e\000s\000i\000g\000n\000\040\000S\000y\000s\000t\000e\000m\000\040\000a\000n\000d\000\040\000S\000t\000o\000r\000y\000b\000o\000o\000k\000\040\000I\000n\000t\000e\000g\000r\000a\000t\000i\000o\000n}{section.3.6}% 74
\BOOKMARK [2][-]{subsection.3.6.5}{\376\377\000I\000c\000o\000n\000\040\000S\000y\000s\000t\000e\000m\000\040\000a\000n\000d\000\040\000A\000s\000s\000e\000t\000\040\000M\000a\000n\000a\000g\000e\000m\000e\000n\000t}{section.3.6}% 75
\BOOKMARK [2][-]{subsection.3.6.6}{\376\377\000C\000u\000s\000t\000o\000m\000\040\000W\000i\000d\000g\000e\000t\000s\000\040\000a\000n\000d\000\040\000M\000o\000d\000u\000l\000e\000s\000\040\000I\000m\000p\000l\000e\000m\000e\000n\000t\000a\000t\000i\000o\000n}{section.3.6}% 76
\BOOKMARK [2][-]{subsection.3.6.7}{\376\377\000P\000e\000r\000f\000o\000r\000m\000a\000n\000c\000e\000\040\000O\000p\000t\000i\000m\000i\000z\000a\000t\000i\000o\000n\000\040\000a\000n\000d\000\040\000T\000e\000s\000t\000i\000n\000g}{section.3.6}% 77
\BOOKMARK [1][-]{section.3.7}{\376\377\000D\000e\000v\000O\000p\000s\000\040\000a\000n\000d\000\040\000D\000e\000p\000l\000o\000y\000m\000e\000n\000t\000\040\000S\000t\000r\000a\000t\000e\000g\000y}{chapter.3}% 78
\BOOKMARK [2][-]{subsection.3.7.1}{\376\377\000E\000a\000s\000y\000P\000a\000n\000e\000l\000\040\000I\000n\000f\000r\000a\000s\000t\000r\000u\000c\000t\000u\000r\000e}{section.3.7}% 79
\BOOKMARK [2][-]{subsection.3.7.2}{\376\377\000C\000o\000n\000t\000i\000n\000u\000o\000u\000s\000\040\000I\000n\000t\000e\000g\000r\000a\000t\000i\000o\000n\000\040\000a\000n\000d\000\040\000D\000e\000p\000l\000o\000y\000m\000e\000n\000t\000\040\000P\000i\000p\000e\000l\000i\000n\000e\000\040\000\050\000C\000I\000/\000C\000D\000\051}{section.3.7}% 80
\BOOKMARK [1][-]{section.3.8}{\376\377\000C\000o\000n\000c\000l\000u\000s\000i\000o\000n}{chapter.3}% 81
\BOOKMARK [0][-]{chapter.4}{\376\377\000P\000r\000o\000j\000e\000c\000t\000\040\000R\000e\000a\000l\000i\000z\000a\000t\000i\000o\000n}{}% 82
\BOOKMARK [1][-]{section.4.1}{\376\377\000I\000n\000t\000r\000o\000d\000u\000c\000t\000i\000o\000n}{chapter.4}% 83
\BOOKMARK [1][-]{section.4.2}{\376\377\000P\000r\000o\000j\000e\000c\000t\000\040\000R\000e\000s\000u\000l\000t\000s\000\040\000a\000n\000d\000\040\000S\000h\000o\000w\000c\000a\000s\000e}{chapter.4}% 84
\BOOKMARK [2][-]{subsection.4.2.1}{\376\377\000M\000a\000i\000n\000\040\000P\000a\000g\000e\000\040\000C\000o\000m\000p\000o\000n\000e\000n\000t\000s}{section.4.2}% 85
\BOOKMARK [2][-]{subsection.4.2.2}{\376\377\000I\000n\000t\000e\000r\000n\000\040\000D\000a\000s\000h\000b\000o\000a\000r\000d\000\040\000O\000v\000e\000r\000v\000i\000e\000w}{section.4.2}% 86
\BOOKMARK [2][-]{subsection.4.2.3}{\376\377\000S\000p\000r\000i\000n\000t\000\040\000S\000t\000a\000t\000i\000s\000t\000i\000c\000s\000\040\000D\000a\000s\000h\000b\000o\000a\000r\000d}{section.4.2}% 87
\BOOKMARK [2][-]{subsection.4.2.4}{\376\377\000I\000n\000t\000e\000r\000n\000\040\000S\000p\000r\000i\000n\000t\000\040\000M\000a\000n\000a\000g\000e\000m\000e\000n\000t}{section.4.2}% 88
\BOOKMARK [2][-]{subsection.4.2.5}{\376\377\000L\000e\000a\000r\000n\000i\000n\000g\000\040\000R\000e\000s\000o\000u\000r\000c\000e\000s}{section.4.2}% 89
\BOOKMARK [2][-]{subsection.4.2.6}{\376\377\000P\000r\000o\000j\000e\000c\000t\000\040\000M\000a\000n\000a\000g\000e\000m\000e\000n\000t}{section.4.2}% 90
\BOOKMARK [2][-]{subsection.4.2.7}{\376\377\000U\000s\000e\000r\000\040\000P\000r\000o\000f\000i\000l\000e}{section.4.2}% 91
\BOOKMARK [2][-]{subsection.4.2.8}{\376\377\000D\000o\000c\000u\000m\000e\000n\000t\000\040\000M\000a\000n\000a\000g\000e\000m\000e\000n\000t}{section.4.2}% 92
\BOOKMARK [2][-]{subsection.4.2.9}{\376\377\000P\000r\000o\000j\000e\000c\000t\000\040\000D\000e\000p\000l\000o\000y\000m\000e\000n\000t}{section.4.2}% 93
\BOOKMARK [2][-]{subsection.4.2.10}{\376\377\000C\000o\000n\000c\000l\000u\000s\000i\000o\000n}{section.4.2}% 94
\BOOKMARK [0][-]{chapter.5}{\376\377\000D\000i\000s\000c\000u\000s\000s\000i\000o\000n\000\040\000a\000n\000d\000\040\000F\000u\000t\000u\000r\000e\000\040\000I\000m\000p\000r\000o\000v\000e\000m\000e\000n\000t\000s}{}% 95
\BOOKMARK [1][-]{section.5.1}{\376\377\000I\000n\000t\000r\000o\000d\000u\000c\000t\000i\000o\000n}{chapter.5}% 96
\BOOKMARK [1][-]{section.5.2}{\376\377\000C\000u\000r\000r\000e\000n\000t\000\040\000A\000c\000h\000i\000e\000v\000e\000m\000e\000n\000t\000s}{chapter.5}% 97
\BOOKMARK [1][-]{section.5.3}{\376\377\000C\000u\000r\000r\000e\000n\000t\000\040\000L\000i\000m\000i\000t\000a\000t\000i\000o\000n\000s}{chapter.5}% 98
\BOOKMARK [1][-]{section.5.4}{\376\377\000F\000u\000t\000u\000r\000e\000\040\000I\000m\000p\000r\000o\000v\000e\000m\000e\000n\000t\000s}{chapter.5}% 99
\BOOKMARK [2][-]{subsection.5.4.1}{\376\377\000V\000P\000S\000\040\000I\000n\000t\000e\000g\000r\000a\000t\000i\000o\000n\000\040\000f\000o\000r\000\040\000D\000e\000v\000e\000l\000o\000p\000m\000e\000n\000t\000\040\000E\000n\000v\000i\000r\000o\000n\000m\000e\000n\000t\000s}{section.5.4}% 100
\BOOKMARK [2][-]{subsection.5.4.2}{\376\377\000E\000n\000h\000a\000n\000c\000e\000d\000\040\000A\000d\000m\000i\000n\000i\000s\000t\000r\000a\000t\000i\000v\000e\000\040\000D\000a\000s\000h\000b\000o\000a\000r\000d}{section.5.4}% 101
\BOOKMARK [2][-]{subsection.5.4.3}{\376\377\000R\000e\000a\000l\000-\000T\000i\000m\000e\000\040\000A\000s\000s\000i\000s\000t\000a\000n\000c\000e\000\040\000i\000n\000\040\000S\000p\000r\000i\000n\000t\000s}{section.5.4}% 102
\BOOKMARK [2][-]{subsection.5.4.4}{\376\377\000C\000o\000l\000l\000a\000b\000o\000r\000a\000t\000i\000v\000e\000\040\000T\000a\000s\000k\000i\000n\000g\000\040\000f\000o\000r\000\040\000G\000r\000o\000u\000p\000\040\000P\000r\000o\000j\000e\000c\000t\000s}{section.5.4}% 103
\BOOKMARK [1][-]{section.5.5}{\376\377\000I\000m\000p\000a\000c\000t\000\040\000a\000n\000d\000\040\000B\000e\000n\000e\000f\000i\000t\000s}{chapter.5}% 104
\BOOKMARK [1][-]{section.5.6}{\376\377\000S\000u\000m\000m\000a\000r\000y}{chapter.5}% 105
\BOOKMARK [0][-]{chapter*.9}{\376\377\000G\000e\000n\000e\000r\000a\000l\000\040\000C\000o\000n\000c\000l\000u\000s\000i\000o\000n\000\040\000a\000n\000d\000\040\000P\000e\000r\000s\000p\000e\000c\000t\000i\000v\000e\000s}{}% 106
\BOOKMARK [0][-]{appendix*.10}{\376\377\000A\000p\000p\000e\000n\000d\000i\000x\000\040\000B\000:\000\040\000G\000l\000o\000s\000s\000a\000r\000y}{}% 107
